[debug] [2021-12-10T04:12:37.141Z] ----------------------------------------------------------------------
[debug] [2021-12-10T04:12:37.143Z] Command:       C:\Program Files\nodejs\node.exe C:\Users\ULIDU\AppData\Roaming\npm\node_modules\firebase-tools\lib\bin\firebase.js deploy --project ulidu-dbaf1
[debug] [2021-12-10T04:12:37.143Z] CLI Version:   9.23.0
[debug] [2021-12-10T04:12:37.143Z] Platform:      win32
[debug] [2021-12-10T04:12:37.143Z] Node Version:  v14.18.0
[debug] [2021-12-10T04:12:37.148Z] Time:          Fri Dec 10 2021 09:42:37 GMT+0530 (India Standard Time)
[debug] [2021-12-10T04:12:37.148Z] ----------------------------------------------------------------------
[debug] 
[debug] [2021-12-10T04:12:37.193Z] > command requires scopes: ["email","openid","https://www.googleapis.com/auth/cloudplatformprojects.readonly","https://www.googleapis.com/auth/firebase","https://www.googleapis.com/auth/cloud-platform"]
[debug] [2021-12-10T04:12:37.193Z] > authorizing via signed-in user (ulidutheerake@gmail.com)
[debug] [2021-12-10T04:12:37.193Z] [iam] checking project ulidu-dbaf1 for permissions ["cloudconfig.configs.get","cloudconfig.configs.update","datastore.indexes.create","datastore.indexes.delete","datastore.indexes.list","datastore.indexes.update","firebase.projects.get","firebasedatabase.instances.update","firebasehosting.sites.update","firebaserules.releases.create","firebaserules.releases.update","firebaserules.rulesets.create"]
[debug] [2021-12-10T04:12:37.195Z] > refreshing access token with scopes: ["email","https://www.googleapis.com/auth/cloud-platform","https://www.googleapis.com/auth/cloudplatformprojects.readonly","https://www.googleapis.com/auth/firebase","openid"]
[debug] [2021-12-10T04:12:37.195Z] >>> HTTP REQUEST POST https://www.googleapis.com/oauth2/v3/token  
 <request body omitted>
[debug] [2021-12-10T04:12:37.413Z] <<< HTTP RESPONSE 200 {"date":"Fri, 10 Dec 2021 04:12:38 GMT","pragma":"no-cache","cache-control":"no-cache, no-store, max-age=0, must-revalidate","expires":"Mon, 01 Jan 1990 00:00:00 GMT","content-type":"application/json; charset=utf-8","vary":"X-Origin, Referer, Origin,Accept-Encoding","server":"scaffolding on HTTPServer2","x-xss-protection":"0","x-frame-options":"SAMEORIGIN","x-content-type-options":"nosniff","alt-svc":"h3=\":443\"; ma=2592000,h3-29=\":443\"; ma=2592000,h3-Q050=\":443\"; ma=2592000,h3-Q046=\":443\"; ma=2592000,h3-Q043=\":443\"; ma=2592000,quic=\":443\"; ma=2592000; v=\"46,43\"","accept-ranges":"none","transfer-encoding":"chunked"}
[debug] [2021-12-10T04:12:37.423Z] >>> HTTP REQUEST POST https://cloudresourcemanager.googleapis.com/v1/projects/ulidu-dbaf1:testIamPermissions  
 {"permissions":["cloudconfig.configs.get","cloudconfig.configs.update","datastore.indexes.create","datastore.indexes.delete","datastore.indexes.list","datastore.indexes.update","firebase.projects.get","firebasedatabase.instances.update","firebasehosting.sites.update","firebaserules.releases.create","firebaserules.releases.update","firebaserules.rulesets.create"]}
[debug] [2021-12-10T04:12:38.572Z] <<< HTTP RESPONSE 200 {"content-type":"application/json; charset=UTF-8","vary":"X-Origin, Referer, Origin,Accept-Encoding","date":"Fri, 10 Dec 2021 04:12:39 GMT","server":"ESF","cache-control":"private","x-xss-protection":"0","x-frame-options":"SAMEORIGIN","x-content-type-options":"nosniff","server-timing":"gfet4t7; dur=960","alt-svc":"h3=\":443\"; ma=2592000,h3-29=\":443\"; ma=2592000,h3-Q050=\":443\"; ma=2592000,h3-Q046=\":443\"; ma=2592000,h3-Q043=\":443\"; ma=2592000,quic=\":443\"; ma=2592000; v=\"46,43\"","accept-ranges":"none","transfer-encoding":"chunked"}
[debug] [2021-12-10T04:12:38.573Z] > refreshing access token with scopes: []
[debug] [2021-12-10T04:12:38.573Z] >>> HTTP REQUEST POST https://www.googleapis.com/oauth2/v3/token  
 <request body omitted>
[debug] [2021-12-10T04:12:38.751Z] <<< HTTP RESPONSE 200 {"date":"Fri, 10 Dec 2021 04:12:39 GMT","expires":"Mon, 01 Jan 1990 00:00:00 GMT","pragma":"no-cache","cache-control":"no-cache, no-store, max-age=0, must-revalidate","content-type":"application/json; charset=utf-8","vary":"X-Origin, Referer, Origin,Accept-Encoding","server":"scaffolding on HTTPServer2","x-xss-protection":"0","x-frame-options":"SAMEORIGIN","x-content-type-options":"nosniff","alt-svc":"h3=\":443\"; ma=2592000,h3-29=\":443\"; ma=2592000,h3-Q050=\":443\"; ma=2592000,h3-Q046=\":443\"; ma=2592000,h3-Q043=\":443\"; ma=2592000,quic=\":443\"; ma=2592000; v=\"46,43\"","accept-ranges":"none","transfer-encoding":"chunked"}
[debug] [2021-12-10T04:12:38.763Z] >>> [apiv2][query] GET https://firebase.googleapis.com/v1beta1/projects/ulidu-dbaf1 [none]
[debug] [2021-12-10T04:12:39.260Z] <<< [apiv2][status] GET https://firebase.googleapis.com/v1beta1/projects/ulidu-dbaf1 200
[debug] [2021-12-10T04:12:39.260Z] <<< [apiv2][body] GET https://firebase.googleapis.com/v1beta1/projects/ulidu-dbaf1 {"projectId":"ulidu-dbaf1","projectNumber":"239658332587","displayName":"Ulidu","name":"projects/ulidu-dbaf1","resources":{"hostingSite":"ulidu-dbaf1","realtimeDatabaseInstance":"ulidu-dbaf1-default-rtdb","storageBucket":"ulidu-dbaf1.appspot.com","locationId":"us-central"},"state":"ACTIVE"}
[debug] [2021-12-10T04:12:39.261Z] >>> [apiv2][query] GET https://firebase.googleapis.com/v1beta1/projects/ulidu-dbaf1 [none]
[debug] [2021-12-10T04:12:39.704Z] <<< [apiv2][status] GET https://firebase.googleapis.com/v1beta1/projects/ulidu-dbaf1 200
[debug] [2021-12-10T04:12:39.705Z] <<< [apiv2][body] GET https://firebase.googleapis.com/v1beta1/projects/ulidu-dbaf1 {"projectId":"ulidu-dbaf1","projectNumber":"239658332587","displayName":"Ulidu","name":"projects/ulidu-dbaf1","resources":{"hostingSite":"ulidu-dbaf1","realtimeDatabaseInstance":"ulidu-dbaf1-default-rtdb","storageBucket":"ulidu-dbaf1.appspot.com","locationId":"us-central"},"state":"ACTIVE"}
[info] 
[info] === Deploying to 'ulidu-dbaf1'...
[info] 
[info] i  deploying database, storage, firestore, hosting, remoteconfig 
[info] i  database: checking rules syntax... 
[debug] [2021-12-10T04:12:39.725Z] > refreshing access token with scopes: ["email","https://www.googleapis.com/auth/cloud-platform","https://www.googleapis.com/auth/cloudplatformprojects.readonly","https://www.googleapis.com/auth/firebase","openid"]
[debug] [2021-12-10T04:12:39.725Z] >>> HTTP REQUEST POST https://www.googleapis.com/oauth2/v3/token  
 <request body omitted>
[debug] [2021-12-10T04:12:39.938Z] <<< HTTP RESPONSE 200 {"date":"Fri, 10 Dec 2021 04:12:40 GMT","cache-control":"no-cache, no-store, max-age=0, must-revalidate","expires":"Mon, 01 Jan 1990 00:00:00 GMT","pragma":"no-cache","content-type":"application/json; charset=utf-8","vary":"X-Origin, Referer, Origin,Accept-Encoding","server":"scaffolding on HTTPServer2","x-xss-protection":"0","x-frame-options":"SAMEORIGIN","x-content-type-options":"nosniff","alt-svc":"h3=\":443\"; ma=2592000,h3-29=\":443\"; ma=2592000,h3-Q050=\":443\"; ma=2592000,h3-Q046=\":443\"; ma=2592000,h3-Q043=\":443\"; ma=2592000,quic=\":443\"; ma=2592000; v=\"46,43\"","accept-ranges":"none","transfer-encoding":"chunked"}
[debug] [2021-12-10T04:12:39.947Z] >>> HTTP REQUEST GET https://firebasedatabase.googleapis.com/v1beta/projects/ulidu-dbaf1/locations/-/instances/ulidu-dbaf1-default-rtdb  
 
[debug] [2021-12-10T04:12:40.618Z] <<< HTTP RESPONSE 200 {"content-type":"application/json; charset=UTF-8","vary":"X-Origin, Referer, Origin,Accept-Encoding","date":"Fri, 10 Dec 2021 04:12:41 GMT","server":"ESF","cache-control":"private","x-xss-protection":"0","x-frame-options":"SAMEORIGIN","x-content-type-options":"nosniff","alt-svc":"h3=\":443\"; ma=2592000,h3-29=\":443\"; ma=2592000,h3-Q050=\":443\"; ma=2592000,h3-Q046=\":443\"; ma=2592000,h3-Q043=\":443\"; ma=2592000,quic=\":443\"; ma=2592000; v=\"46,43\"","accept-ranges":"none","transfer-encoding":"chunked"}
[debug] [2021-12-10T04:12:40.620Z] >>> HTTP REQUEST PUT https://ulidu-dbaf1-default-rtdb.firebaseio.com/.settings/rules.json?dryRun=true  
 {
  /* Visit https://firebase.google.com/docs/database/security to learn more about security rules. */
  "rules": {
    ".read": false,
    ".write": false
  }
}
[debug] [2021-12-10T04:12:41.459Z] <<< HTTP RESPONSE 200 {"server":"nginx","date":"Fri, 10 Dec 2021 04:12:42 GMT","content-type":"application/json; charset=utf-8","content-length":"15","connection":"keep-alive","access-control-allow-origin":"*","cache-control":"no-cache","strict-transport-security":"max-age=31556926; includeSubDomains; preload"}
[info] +  database: rules syntax for database ulidu-dbaf1-default-rtdb is valid 
[debug] [2021-12-10T04:12:41.461Z] >>> HTTP REQUEST GET https://appengine.googleapis.com/v1/apps/ulidu-dbaf1  
 
[debug] [2021-12-10T04:12:42.062Z] <<< HTTP RESPONSE 200 {"content-type":"application/json; charset=UTF-8","vary":"X-Origin, Referer, Origin,Accept-Encoding","date":"Fri, 10 Dec 2021 04:12:43 GMT","server":"ESF","cache-control":"private","x-xss-protection":"0","x-frame-options":"SAMEORIGIN","x-content-type-options":"nosniff","alt-svc":"h3=\":443\"; ma=2592000,h3-29=\":443\"; ma=2592000,h3-Q050=\":443\"; ma=2592000,h3-Q046=\":443\"; ma=2592000,h3-Q043=\":443\"; ma=2592000,quic=\":443\"; ma=2592000; v=\"46,43\"","accept-ranges":"none","transfer-encoding":"chunked"}
[info] i  firebase.storage: checking storage.rules for compilation errors... 
[debug] [2021-12-10T04:12:42.064Z] >>> HTTP REQUEST POST https://firebaserules.googleapis.com/v1/projects/ulidu-dbaf1:test  
 {"source":{"files":[{"name":"storage.rules","content":"rules_version = '2';\r\nservice firebase.storage {\r\n  match /b/{bucket}/o {\r\n    match /{allPaths=**} {\r\n      allow read, write: if request.auth!=null;\r\n    }\r\n  }\r\n}\r\n"}]}}
